Thu 04 May 2023 10:57:58 PM UTC: 
 sudoku.c | 19 +++++++++++++++++++
 1 file changed, 19 insertions(+)
In file included from test.c:5:
sudoku.c: In function ‘get_adj_nodes’:
sudoku.c:64:25: error: comparison between pointer and integer [-Werror]
   64 |         if(n->sudo[i][j]==NULL){
      |                         ^~
sudoku.c:66:21: error: statement with no effect [-Werror=unused-value]
   66 |           n->sudo[i][j];
      |           ~~~~~~~~~~^~~
sudoku.c:70:17: error: ‘curre’ undeclared (first use in this function)
   70 |     if(is_valid(curre) == 0){
      |                 ^~~~~
sudoku.c:70:17: note: each undeclared identifier is reported only once for each function it appears in
sudoku.c:71:14: error: expected expression before ‘List’
   71 |     pushBack(List *list, void *data);
      |              ^~~~
sudoku.c:71:5: error: too few arguments to function ‘pushBack’
   71 |     pushBack(List *list, void *data);
      |     ^~~~~~~~
In file included from test.c:4:
list.h:23:6: note: declared here
   23 | void pushBack(List* list, void* data);
      |      ^~~~~~~~
cc1: all warnings being treated as errors
Compilation failed
d21b3ee
Thu 04 May 2023 10:58:14 PM UTC: 
In file included from test.c:5:
sudoku.c: In function ‘get_adj_nodes’:
sudoku.c:64:25: error: comparison between pointer and integer [-Werror]
   64 |         if(n->sudo[i][j]==NULL){
      |                         ^~
sudoku.c:66:21: error: statement with no effect [-Werror=unused-value]
   66 |           n->sudo[i][j];
      |           ~~~~~~~~~~^~~
sudoku.c:70:17: error: ‘curre’ undeclared (first use in this function)
   70 |     if(is_valid(curre) == 0){
      |                 ^~~~~
sudoku.c:70:17: note: each undeclared identifier is reported only once for each function it appears in
sudoku.c:71:14: error: expected expression before ‘List’
   71 |     pushBack(List *list, void *data);
      |              ^~~~
sudoku.c:71:5: error: too few arguments to function ‘pushBack’
   71 |     pushBack(List *list, void *data);
      |     ^~~~~~~~
In file included from test.c:4:
list.h:23:6: note: declared here
   23 | void pushBack(List* list, void* data);
      |      ^~~~~~~~
cc1: all warnings being treated as errors
Compilation failed
033a97d
Thu 04 May 2023 11:04:58 PM UTC: 
 sudoku.c | 14 ++++++++------
 1 file changed, 8 insertions(+), 6 deletions(-)
In file included from test.c:5:
sudoku.c: In function ‘get_adj_nodes’:
sudoku.c:67:27: error: expected expression before ‘;’ token
   67 |             n->sudo[i][j]=;
      |                           ^
sudoku.c:69:22: error: expected expression before ‘List’
   69 |             pushBack(List *list, void *data);
      |                      ^~~~
sudoku.c:69:13: error: too few arguments to function ‘pushBack’
   69 |             pushBack(List *list, void *data);
      |             ^~~~~~~~
In file included from test.c:4:
list.h:23:6: note: declared here
   23 | void pushBack(List* list, void* data);
      |      ^~~~~~~~
In file included from test.c:5:
sudoku.c:66:19: error: unused variable ‘nuevo’ [-Werror=unused-variable]
   66 |             Node* nuevo=
      |                   ^~~~~
sudoku.c:60:11: error: unused variable ‘list’ [-Werror=unused-variable]
   60 |     List* list=createList();
      |           ^~~~
sudoku.c: At top level:
sudoku.c:75:5: error: expected identifier or ‘(’ before ‘return’
   75 |     return list;
      |     ^~~~~~
sudoku.c:76:1: error: expected identifier or ‘(’ before ‘}’ token
   76 | }
      | ^
sudoku.c: In function ‘get_adj_nodes’:
sudoku.c:74:5: error: control reaches end of non-void function [-Werror=return-type]
   74 |     }
      |     ^
cc1: all warnings being treated as errors
Compilation failed
c46ed51
Thu 04 May 2023 11:06:51 PM UTC: 
 sudoku.c | 9 +++++----
 1 file changed, 5 insertions(+), 4 deletions(-)
In file included from test.c:5:
sudoku.c: In function ‘get_adj_nodes’:
sudoku.c:66:31: error: expected expression before ‘Node’
   66 |             Node* nuevo= copy(Node *n)
      |                               ^~~~
sudoku.c:67:13: error: expected ‘,’ or ‘;’ before ‘nuevo’
   67 |             nuevo->sudo[i][j]= cont;
      |             ^~~~~
sudoku.c: At top level:
sudoku.c:76:5: error: expected identifier or ‘(’ before ‘return’
   76 |     return list;
      |     ^~~~~~
sudoku.c:77:1: error: expected identifier or ‘(’ before ‘}’ token
   77 | }
      | ^
sudoku.c: In function ‘get_adj_nodes’:
sudoku.c:75:5: error: control reaches end of non-void function [-Werror=return-type]
   75 |     }
      |     ^
cc1: all warnings being treated as errors
Compilation failed
e8eeb26
Thu 04 May 2023 11:07:18 PM UTC: 
 sudoku.c | 2 +-
 1 file changed, 1 insertion(+), 1 deletion(-)
In file included from test.c:5:
sudoku.c:76:5: error: expected identifier or ‘(’ before ‘return’
   76 |     return list;
      |     ^~~~~~
sudoku.c:77:1: error: expected identifier or ‘(’ before ‘}’ token
   77 | }
      | ^
sudoku.c: In function ‘get_adj_nodes’:
sudoku.c:75:5: error: control reaches end of non-void function [-Werror=return-type]
   75 |     }
      |     ^
cc1: all warnings being treated as errors
Compilation failed
2cad7f0
Thu 04 May 2023 11:08:12 PM UTC: 
 sudoku.c | 1 -
 1 file changed, 1 deletion(-)
 tests:  0|0
8d72ca9
Thu 04 May 2023 11:09:27 PM UTC: 
 sudoku.c | 2 +-
 1 file changed, 1 insertion(+), 1 deletion(-)
In file included from test.c:5:
sudoku.c: In function ‘get_adj_nodes’:
sudoku.c:76:1: error: control reaches end of non-void function [-Werror=return-type]
   76 | }
      | ^
cc1: all warnings being treated as errors
Compilation failed
370f054
Thu 04 May 2023 11:09:43 PM UTC: 
 sudoku.c | 1 +
 1 file changed, 1 insertion(+)
 tests:  2|4
total_score: 15/70
1ba67cc
Thu 04 May 2023 11:25:55 PM UTC: 
 sudoku.c | 22 ++++++++++++++++------
 1 file changed, 16 insertions(+), 6 deletions(-)
In file included from test.c:5:
sudoku.c: In function ‘print_node’:
sudoku.c:37:18: error: unused variable ‘p’ [-Werror=unused-variable]
   37 |     int i,j, k=3,p;
      |                  ^
sudoku.c:37:14: error: unused variable ‘k’ [-Werror=unused-variable]
   37 |     int i,j, k=3,p;
      |              ^
sudoku.c: In function ‘is_valid’:
sudoku.c:56:11: error: ‘p’ undeclared (first use in this function)
   56 |   for(i=0;p<9;p++){
      |           ^
sudoku.c:56:11: note: each undeclared identifier is reported only once for each function it appears in
sudoku.c:59:7: error: ‘columnas’ undeclared (first use in this function); did you mean ‘columas’?
   59 |       columnas[j]=0;
      |       ^~~~~~~~
      |       columas
sudoku.c:60:18: error: ‘k’ undeclared (first use in this function)
   60 |         int i=3*(k/3) + (p/3) ;
      |                  ^
sudoku.c:62:22: error: ‘return’ with no value, in function returning non-void [-Werror=return-type]
   62 |         if(p%3 == 0) return ;
      |                      ^~~~~~
sudoku.c:46:5: note: declared here
   46 | int is_valid(Node* n){
      |     ^~~~~~~~
sudoku.c:61:13: error: unused variable ‘j’ [-Werror=unused-variable]
   61 |         int j=3*(k%3) + (p%3) ;
      |             ^
sudoku.c:60:13: error: unused variable ‘i’ [-Werror=unused-variable]
   60 |         int i=3*(k/3) + (p/3) ;
      |             ^
sudoku.c:47:21: error: unused variable ‘columas’ [-Werror=unused-variable]
   47 |   int i,j,filas[9], columas[9];
      |                     ^~~~~~~
sudoku.c:47:11: error: variable ‘filas’ set but not used [-Werror=unused-but-set-variable]
   47 |   int i,j,filas[9], columas[9];
      |           ^~~~~
cc1: all warnings being treated as errors
Compilation failed
2b79efd
Thu 04 May 2023 11:27:09 PM UTC: 
 sudoku.c | 2 +-
 1 file changed, 1 insertion(+), 1 deletion(-)
In file included from test.c:5:
sudoku.c: In function ‘print_node’:
sudoku.c:37:18: error: unused variable ‘p’ [-Werror=unused-variable]
   37 |     int i,j, k=3,p;
      |                  ^
sudoku.c:37:14: error: unused variable ‘k’ [-Werror=unused-variable]
   37 |     int i,j, k=3,p;
      |              ^
sudoku.c: In function ‘is_valid’:
sudoku.c:56:11: error: ‘p’ undeclared (first use in this function)
   56 |   for(i=0;p<9;p++){
      |           ^
sudoku.c:56:11: note: each undeclared identifier is reported only once for each function it appears in
sudoku.c:61:18: error: ‘k’ undeclared (first use in this function)
   61 |         int i=3*(k/3) + (p/3) ;
      |                  ^
sudoku.c:63:22: error: ‘return’ with no value, in function returning non-void [-Werror=return-type]
   63 |         if(p%3 == 0) return ;
      |                      ^~~~~~
sudoku.c:46:5: note: declared here
   46 | int is_valid(Node* n){
      |     ^~~~~~~~
sudoku.c:62:13: error: unused variable ‘j’ [-Werror=unused-variable]
   62 |         int j=3*(k%3) + (p%3) ;
      |             ^
sudoku.c:61:13: error: unused variable ‘i’ [-Werror=unused-variable]
   61 |         int i=3*(k/3) + (p/3) ;
      |             ^
sudoku.c:47:21: error: variable ‘columnas’ set but not used [-Werror=unused-but-set-variable]
   47 |   int i,j,filas[9], columnas[9];
      |                     ^~~~~~~~
sudoku.c:47:11: error: variable ‘filas’ set but not used [-Werror=unused-but-set-variable]
   47 |   int i,j,filas[9], columnas[9];
      |           ^~~~~
cc1: all warnings being treated as errors
Compilation failed
67eeadd
Thu 04 May 2023 11:39:12 PM UTC: 
 sudoku.c | 29 ++++++++++++++++++++---------
 1 file changed, 20 insertions(+), 9 deletions(-)
In file included from test.c:5:
sudoku.c: In function ‘is_valid’:
sudoku.c:70:1: error: control reaches end of non-void function [-Werror=return-type]
   70 | }
      | ^
cc1: all warnings being treated as errors
Compilation failed
a1a5b6c
Thu 04 May 2023 11:39:25 PM UTC: 
 sudoku.c | 1 +
 1 file changed, 1 insertion(+)
 tests:  2|4
total_score: 15/70
ee1ce41
Thu 04 May 2023 11:39:54 PM UTC: 
 sudoku.c | 4 ++--
 1 file changed, 2 insertions(+), 2 deletions(-)
 tests:  3|3
total_score: 25/70
440cdb2
Thu 04 May 2023 11:42:19 PM UTC: 
 sudoku.c | 3 +--
 1 file changed, 1 insertion(+), 2 deletions(-)
test.c: In function ‘main’:
test.c:245:5: error: ‘main’ is normally a non-static function [-Werror=main]
  245 | int main( int argc, char *argv[] ) {
      |     ^~~~
test.c:262:1: error: expected declaration or statement at end of input
  262 | }
      | ^
At top level:
test.c:245:5: error: ‘main’ defined but not used [-Werror=unused-function]
  245 | int main( int argc, char *argv[] ) {
      |     ^~~~
test.c:7:8: error: ‘_strdup’ defined but not used [-Werror=unused-function]
    7 | char * _strdup(const char * str) {
      |        ^~~~~~~
cc1: all warnings being treated as errors
Compilation failed
3ed779f
Thu 04 May 2023 11:42:28 PM UTC: 
 sudoku.c | 4 ++--
 1 file changed, 2 insertions(+), 2 deletions(-)
 tests:  3|3
total_score: 25/70
eafae41
Thu 04 May 2023 11:43:41 PM UTC: 
 sudoku.c | 15 +++++++++++++++
 1 file changed, 15 insertions(+)
In file included from test.c:5:
sudoku.c: In function ‘DFS’:
sudoku.c:110:10: error: ‘I’ undeclared (first use in this function)
  110 |   push(S,I);
      |          ^
sudoku.c:110:10: note: each undeclared identifier is reported only once for each function it appears in
sudoku.c:111:10: error: implicit declaration of function ‘size’ [-Werror=implicit-function-declaration]
  111 |   while (size(S) != 0){
      |          ^~~~
sudoku.c:112:6: error: unknown type name ‘node’; did you mean ‘Node’?
  112 |      node* n = pop(S);
      |      ^~~~
      |      Node
sudoku.c:112:16: error: void value not ignored as it ought to be
  112 |      node* n = pop(S);
      |                ^~~
sudoku.c:113:9: error: expected ‘(’ before ‘n’
  113 |      if n.visited==true continue;
      |         ^
      |         (
sudoku.c:113:10: error: request for member ‘visited’ in something not a structure or union
  113 |      if n.visited==true continue;
      |          ^
sudoku.c:116:7: error: request for member ‘visited’ in something not a structure or union
  116 |      n.visited=true
      |       ^
sudoku.c:116:16: error: ‘true’ undeclared (first use in this function)
  116 |      n.visited=true
      |                ^~~~
sudoku.c:4:1: note: ‘true’ is defined in header ‘<stdbool.h>’; did you forget to ‘#include <stdbool.h>’?
    3 | #include "list.h"
  +++ |+#include <stdbool.h>
    4 | 
sudoku.c:116:20: error: expected ‘;’ before ‘List’
  116 |      n.visited=true
      |                    ^
      |                    ;
  117 |      List* adj=get_adj_nodes(n);
      |      ~~~~           
sudoku.c:118:6: error: unknown type name ‘node’; did you mean ‘Node’?
  118 |      node* aux= first(adj);
      |      ^~~~
      |      Node
sudoku.c:118:23: error: ‘adj’ undeclared (first use in this function)
  118 |      node* aux= first(adj);
      |                       ^~~
sudoku.c:112:12: error: variable ‘n’ set but not used [-Werror=unused-but-set-variable]
  112 |      node* n = pop(S);
      |            ^
test.c:245:5: error: ‘main’ is normally a non-static function [-Werror=main]
  245 | int main( int argc, char *argv[] ) {
      |     ^~~~
test.c:262:1: error: expected declaration or statement at end of input
  262 | }
      | ^
test.c:263: error: control reaches end of non-void function [-Werror=return-type]
At top level:
test.c:245:5: error: ‘main’ defined but not used [-Werror=unused-function]
  245 | int main( int argc, char *argv[] ) {
      |     ^~~~
test.c:7:8: error: ‘_strdup’ defined but not used [-Werror=unused-function]
    7 | char * _strdup(const char * str) {
      |        ^~~~~~~
cc1: all warnings being treated as errors
Compilation failed
eed4825
Thu 04 May 2023 11:45:53 PM UTC: 
 sudoku.c | 7 ++++---
 1 file changed, 4 insertions(+), 3 deletions(-)
In file included from test.c:5:
sudoku.c: In function ‘DFS’:
sudoku.c:114:9: error: expected ‘(’ before ‘n’
  114 |      if n.visited==true continue;
      |         ^
      |         (
sudoku.c:114:10: error: ‘n’ is a pointer; did you mean to use ‘->’?
  114 |      if n.visited==true continue;
      |          ^
      |          ->
sudoku.c:117:7: error: ‘n’ is a pointer; did you mean to use ‘->’?
  117 |      n.visited=true
      |       ^
      |       ->
sudoku.c:117:16: error: ‘true’ undeclared (first use in this function)
  117 |      n.visited=true
      |                ^~~~
sudoku.c:4:1: note: ‘true’ is defined in header ‘<stdbool.h>’; did you forget to ‘#include <stdbool.h>’?
    3 | #include "list.h"
  +++ |+#include <stdbool.h>
    4 | 
sudoku.c:117:16: note: each undeclared identifier is reported only once for each function it appears in
  117 |      n.visited=true
      |                ^~~~
sudoku.c:117:20: error: expected ‘;’ before ‘List’
  117 |      n.visited=true
      |                    ^
      |                    ;
  118 |      List* adj=get_adj_nodes(n);
      |      ~~~~           
sudoku.c:119:6: error: unknown type name ‘node’; did you mean ‘Node’?
  119 |      node* aux= first(adj);
      |      ^~~~
      |      Node
sudoku.c:119:23: error: ‘adj’ undeclared (first use in this function)
  119 |      node* aux= first(adj);
      |                       ^~~
sudoku.c:112:12: error: variable ‘n’ set but not used [-Werror=unused-but-set-variable]
  112 |      Node* n = top(S);
      |            ^
test.c:245:5: error: ‘main’ is normally a non-static function [-Werror=main]
  245 | int main( int argc, char *argv[] ) {
      |     ^~~~
test.c:262:1: error: expected declaration or statement at end of input
  262 | }
      | ^
test.c:263: error: control reaches end of non-void function [-Werror=return-type]
At top level:
test.c:245:5: error: ‘main’ defined but not used [-Werror=unused-function]
  245 | int main( int argc, char *argv[] ) {
      |     ^~~~
test.c:7:8: error: ‘_strdup’ defined but not used [-Werror=unused-function]
    7 | char * _strdup(const char * str) {
      |        ^~~~~~~
cc1: all warnings being treated as errors
Compilation failed
52cb92b
Thu 04 May 2023 11:49:22 PM UTC: 
 sudoku.c | 14 +++++++-------
 1 file changed, 7 insertions(+), 7 deletions(-)
 tests:  3|3
total_score: 25/70
1498d45
Thu 04 May 2023 11:49:35 PM UTC: 
 sudoku.c | 2 +-
 1 file changed, 1 insertion(+), 1 deletion(-)
 tests:  4|3
total_score: 30/70
ad1f633
Fri 05 May 2023 12:00:30 AM UTC: 
 sudoku.c | 14 +++++++++++---
 1 file changed, 11 insertions(+), 3 deletions(-)
In file included from test.c:5:
sudoku.c: In function ‘is_valid’:
sudoku.c:73:11: error: ‘return’ with no value, in function returning non-void [-Werror=return-type]
   73 |         } return ;
      |           ^~~~~~
sudoku.c:46:5: note: declared here
   46 | int is_valid(Node* n){
      |     ^~~~~~~~
sudoku.c:77:15: error: unknown type name ‘mas’
   77 |     return 1; mas rato*/
      |               ^~~
sudoku.c:77:23: error: expected ‘=’, ‘,’, ‘;’, ‘asm’ or ‘__attribute__’ before ‘*’ token
   77 |     return 1; mas rato*/
      |                       ^
sudoku.c:47:31: error: variable ‘matrizaux’ set but not used [-Werror=unused-but-set-variable]
   47 |   int i,j, k=4,p, aux,cont=0, matrizaux[10];
      |                               ^~~~~~~~~
sudoku.c:47:19: error: variable ‘aux’ set but not used [-Werror=unused-but-set-variable]
   47 |   int i,j, k=4,p, aux,cont=0, matrizaux[10];
      |                   ^~~
cc1: all warnings being treated as errors
Compilation failed
17c34b4
Fri 05 May 2023 12:01:21 AM UTC: 
 sudoku.c | 2 ++
 1 file changed, 2 insertions(+)
In file included from test.c:5:
sudoku.c: In function ‘is_valid’:
sudoku.c:75:11: error: ‘return’ with no value, in function returning non-void [-Werror=return-type]
   75 |         } return ;
      |           ^~~~~~
sudoku.c:46:5: note: declared here
   46 | int is_valid(Node* n){
      |     ^~~~~~~~
sudoku.c:79:15: error: unknown type name ‘mas’
   79 |     return 1; mas rato*/
      |               ^~~
sudoku.c:79:23: error: expected ‘=’, ‘,’, ‘;’, ‘asm’ or ‘__attribute__’ before ‘*’ token
   79 |     return 1; mas rato*/
      |                       ^
sudoku.c:47:31: error: variable ‘matrizaux’ set but not used [-Werror=unused-but-set-variable]
   47 |   int i,j, k=4,p, aux,cont=0, matrizaux[10];
      |                               ^~~~~~~~~
sudoku.c:47:19: error: variable ‘aux’ set but not used [-Werror=unused-but-set-variable]
   47 |   int i,j, k=4,p, aux,cont=0, matrizaux[10];
      |                   ^~~
cc1: all warnings being treated as errors
Compilation failed
43a8b06
